<?xml version="1.0" encoding="UTF-8"?>
<coverage generated="1720440414451" clover="3.2.0">
  <project timestamp="1720440414451" name="All files">
    <metrics statements="48" coveredstatements="46" conditionals="36" coveredconditionals="34" methods="5" coveredmethods="5" elements="89" coveredelements="85" complexity="0" loc="48" ncloc="48" packages="1" files="3" classes="3"/>
    <file name="decrypt.js" path="/Users/omar.sarfraz/Documents/Ceasar Cipher/build/decrypt.js">
      <metrics statements="21" coveredstatements="20" conditionals="18" coveredconditionals="17" methods="2" coveredmethods="2"/>
      <line num="2" count="2" type="stmt"/>
      <line num="3" count="2" type="stmt"/>
      <line num="6" count="7" type="stmt"/>
      <line num="7" count="7" type="stmt"/>
      <line num="8" count="7" type="stmt"/>
      <line num="9" count="50" type="stmt"/>
      <line num="10" count="50" type="stmt"/>
      <line num="11" count="50" type="cond" truecount="4" falsecount="0"/>
      <line num="13" count="3" type="cond" truecount="1" falsecount="1"/>
      <line num="14" count="0" type="stmt"/>
      <line num="17" count="47" type="cond" truecount="4" falsecount="0"/>
      <line num="19" count="28" type="cond" truecount="2" falsecount="0"/>
      <line num="20" count="4" type="stmt"/>
      <line num="23" count="19" type="cond" truecount="4" falsecount="0"/>
      <line num="25" count="15" type="cond" truecount="2" falsecount="0"/>
      <line num="26" count="7" type="stmt"/>
      <line num="31" count="4" type="stmt"/>
      <line num="32" count="4" type="stmt"/>
      <line num="34" count="46" type="stmt"/>
      <line num="35" count="46" type="stmt"/>
      <line num="37" count="7" type="stmt"/>
    </file>
    <file name="encrypt.js" path="/Users/omar.sarfraz/Documents/Ceasar Cipher/build/encrypt.js">
      <metrics statements="21" coveredstatements="20" conditionals="18" coveredconditionals="17" methods="2" coveredmethods="2"/>
      <line num="2" count="2" type="stmt"/>
      <line num="3" count="2" type="stmt"/>
      <line num="6" count="7" type="stmt"/>
      <line num="7" count="7" type="stmt"/>
      <line num="8" count="7" type="stmt"/>
      <line num="9" count="50" type="stmt"/>
      <line num="10" count="50" type="stmt"/>
      <line num="11" count="50" type="cond" truecount="4" falsecount="0"/>
      <line num="13" count="3" type="cond" truecount="1" falsecount="1"/>
      <line num="14" count="0" type="stmt"/>
      <line num="17" count="47" type="cond" truecount="4" falsecount="0"/>
      <line num="19" count="28" type="cond" truecount="2" falsecount="0"/>
      <line num="20" count="4" type="stmt"/>
      <line num="23" count="19" type="cond" truecount="4" falsecount="0"/>
      <line num="25" count="15" type="cond" truecount="2" falsecount="0"/>
      <line num="26" count="7" type="stmt"/>
      <line num="31" count="4" type="stmt"/>
      <line num="32" count="4" type="stmt"/>
      <line num="34" count="46" type="stmt"/>
      <line num="35" count="46" type="stmt"/>
      <line num="37" count="7" type="stmt"/>
    </file>
    <file name="index.js" path="/Users/omar.sarfraz/Documents/Ceasar Cipher/build/index.js">
      <metrics statements="6" coveredstatements="6" conditionals="0" coveredconditionals="0" methods="1" coveredmethods="1"/>
      <line num="2" count="2" type="stmt"/>
      <line num="3" count="2" type="stmt"/>
      <line num="4" count="2" type="stmt"/>
      <line num="5" count="2" type="stmt"/>
      <line num="6" count="2" type="stmt"/>
      <line num="7" count="2" type="stmt"/>
    </file>
  </project>
</coverage>
