{"/Users/omar.sarfraz/Documents/Ceasar Cipher/build/decrypt.js": {"path":"/Users/omar.sarfraz/Documents/Ceasar Cipher/build/decrypt.js","statementMap":{"0":{"start":{"line":2,"column":0},"end":{"line":39,"column":2}},"1":{"start":{"line":3,"column":4},"end":{"line":38,"column":6}},"2":{"start":{"line":6,"column":21},"end":{"line":6,"column":23}},"3":{"start":{"line":7,"column":26},"end":{"line":7,"column":34}},"4":{"start":{"line":8,"column":8},"end":{"line":36,"column":9}},"5":{"start":{"line":8,"column":21},"end":{"line":8,"column":22}},"6":{"start":{"line":9,"column":28},"end":{"line":9,"column":32}},"7":{"start":{"line":10,"column":32},"end":{"line":10,"column":55}},"8":{"start":{"line":11,"column":12},"end":{"line":33,"column":13}},"9":{"start":{"line":13,"column":16},"end":{"line":15,"column":17}},"10":{"start":{"line":14,"column":20},"end":{"line":14,"column":40}},"11":{"start":{"line":17,"column":17},"end":{"line":33,"column":13}},"12":{"start":{"line":19,"column":16},"end":{"line":21,"column":17}},"13":{"start":{"line":20,"column":20},"end":{"line":20,"column":40}},"14":{"start":{"line":23,"column":17},"end":{"line":33,"column":13}},"15":{"start":{"line":25,"column":16},"end":{"line":27,"column":17}},"16":{"start":{"line":26,"column":20},"end":{"line":26,"column":40}},"17":{"start":{"line":31,"column":16},"end":{"line":31,"column":61}},"18":{"start":{"line":32,"column":16},"end":{"line":32,"column":25}},"19":{"start":{"line":34,"column":12},"end":{"line":34,"column":41}},"20":{"start":{"line":35,"column":12},"end":{"line":35,"column":57}},"21":{"start":{"line":37,"column":8},"end":{"line":37,"column":22}}},"fnMap":{"0":{"name":"createDecrypter","decl":{"start":{"line":2,"column":26},"end":{"line":2,"column":41}},"loc":{"start":{"line":2,"column":47},"end":{"line":39,"column":1}},"line":2},"1":{"name":"(anonymous_1)","decl":{"start":{"line":3,"column":11},"end":{"line":3,"column":12}},"loc":{"start":{"line":3,"column":18},"end":{"line":38,"column":5}},"line":3}},"branchMap":{"0":{"loc":{"start":{"line":11,"column":12},"end":{"line":33,"column":13}},"type":"if","locations":[{"start":{"line":11,"column":12},"end":{"line":33,"column":13}},{"start":{"line":17,"column":17},"end":{"line":33,"column":13}}],"line":11},"1":{"loc":{"start":{"line":11,"column":16},"end":{"line":11,"column":58}},"type":"binary-expr","locations":[{"start":{"line":11,"column":16},"end":{"line":11,"column":35}},{"start":{"line":11,"column":39},"end":{"line":11,"column":58}}],"line":11},"2":{"loc":{"start":{"line":13,"column":16},"end":{"line":15,"column":17}},"type":"if","locations":[{"start":{"line":13,"column":16},"end":{"line":15,"column":17}},{"start":{},"end":{}}],"line":13},"3":{"loc":{"start":{"line":17,"column":17},"end":{"line":33,"column":13}},"type":"if","locations":[{"start":{"line":17,"column":17},"end":{"line":33,"column":13}},{"start":{"line":23,"column":17},"end":{"line":33,"column":13}}],"line":17},"4":{"loc":{"start":{"line":17,"column":21},"end":{"line":17,"column":64}},"type":"binary-expr","locations":[{"start":{"line":17,"column":21},"end":{"line":17,"column":41}},{"start":{"line":17,"column":45},"end":{"line":17,"column":64}}],"line":17},"5":{"loc":{"start":{"line":19,"column":16},"end":{"line":21,"column":17}},"type":"if","locations":[{"start":{"line":19,"column":16},"end":{"line":21,"column":17}},{"start":{},"end":{}}],"line":19},"6":{"loc":{"start":{"line":23,"column":17},"end":{"line":33,"column":13}},"type":"if","locations":[{"start":{"line":23,"column":17},"end":{"line":33,"column":13}},{"start":{"line":29,"column":17},"end":{"line":33,"column":13}}],"line":23},"7":{"loc":{"start":{"line":23,"column":21},"end":{"line":23,"column":63}},"type":"binary-expr","locations":[{"start":{"line":23,"column":21},"end":{"line":23,"column":40}},{"start":{"line":23,"column":44},"end":{"line":23,"column":63}}],"line":23},"8":{"loc":{"start":{"line":25,"column":16},"end":{"line":27,"column":17}},"type":"if","locations":[{"start":{"line":25,"column":16},"end":{"line":27,"column":17}},{"start":{},"end":{}}],"line":25}},"s":{"0":2,"1":2,"2":7,"3":7,"4":7,"5":7,"6":50,"7":50,"8":50,"9":3,"10":0,"11":47,"12":28,"13":4,"14":19,"15":15,"16":7,"17":4,"18":4,"19":46,"20":46,"21":7},"f":{"0":2,"1":7},"b":{"0":[3,47],"1":[50,22],"2":[0,3],"3":[28,19],"4":[47,47],"5":[4,24],"6":[15,4],"7":[19,18],"8":[7,8]},"_coverageSchema":"1a1c01bbd47fc00a2c39e90264f33305004495a9","hash":"40c311d6dcba86248356d6cd28590e97d5a458be"}
,"/Users/omar.sarfraz/Documents/Ceasar Cipher/build/encrypt.js": {"path":"/Users/omar.sarfraz/Documents/Ceasar Cipher/build/encrypt.js","statementMap":{"0":{"start":{"line":2,"column":0},"end":{"line":39,"column":2}},"1":{"start":{"line":3,"column":4},"end":{"line":38,"column":6}},"2":{"start":{"line":6,"column":21},"end":{"line":6,"column":23}},"3":{"start":{"line":7,"column":26},"end":{"line":7,"column":34}},"4":{"start":{"line":8,"column":8},"end":{"line":36,"column":9}},"5":{"start":{"line":8,"column":21},"end":{"line":8,"column":22}},"6":{"start":{"line":9,"column":28},"end":{"line":9,"column":32}},"7":{"start":{"line":10,"column":32},"end":{"line":10,"column":55}},"8":{"start":{"line":11,"column":12},"end":{"line":33,"column":13}},"9":{"start":{"line":13,"column":16},"end":{"line":15,"column":17}},"10":{"start":{"line":14,"column":20},"end":{"line":14,"column":40}},"11":{"start":{"line":17,"column":17},"end":{"line":33,"column":13}},"12":{"start":{"line":19,"column":16},"end":{"line":21,"column":17}},"13":{"start":{"line":20,"column":20},"end":{"line":20,"column":40}},"14":{"start":{"line":23,"column":17},"end":{"line":33,"column":13}},"15":{"start":{"line":25,"column":16},"end":{"line":27,"column":17}},"16":{"start":{"line":26,"column":20},"end":{"line":26,"column":40}},"17":{"start":{"line":31,"column":16},"end":{"line":31,"column":61}},"18":{"start":{"line":32,"column":16},"end":{"line":32,"column":25}},"19":{"start":{"line":34,"column":12},"end":{"line":34,"column":41}},"20":{"start":{"line":35,"column":12},"end":{"line":35,"column":57}},"21":{"start":{"line":37,"column":8},"end":{"line":37,"column":22}}},"fnMap":{"0":{"name":"createEncrypter","decl":{"start":{"line":2,"column":26},"end":{"line":2,"column":41}},"loc":{"start":{"line":2,"column":47},"end":{"line":39,"column":1}},"line":2},"1":{"name":"(anonymous_1)","decl":{"start":{"line":3,"column":11},"end":{"line":3,"column":12}},"loc":{"start":{"line":3,"column":18},"end":{"line":38,"column":5}},"line":3}},"branchMap":{"0":{"loc":{"start":{"line":11,"column":12},"end":{"line":33,"column":13}},"type":"if","locations":[{"start":{"line":11,"column":12},"end":{"line":33,"column":13}},{"start":{"line":17,"column":17},"end":{"line":33,"column":13}}],"line":11},"1":{"loc":{"start":{"line":11,"column":16},"end":{"line":11,"column":58}},"type":"binary-expr","locations":[{"start":{"line":11,"column":16},"end":{"line":11,"column":35}},{"start":{"line":11,"column":39},"end":{"line":11,"column":58}}],"line":11},"2":{"loc":{"start":{"line":13,"column":16},"end":{"line":15,"column":17}},"type":"if","locations":[{"start":{"line":13,"column":16},"end":{"line":15,"column":17}},{"start":{},"end":{}}],"line":13},"3":{"loc":{"start":{"line":17,"column":17},"end":{"line":33,"column":13}},"type":"if","locations":[{"start":{"line":17,"column":17},"end":{"line":33,"column":13}},{"start":{"line":23,"column":17},"end":{"line":33,"column":13}}],"line":17},"4":{"loc":{"start":{"line":17,"column":21},"end":{"line":17,"column":64}},"type":"binary-expr","locations":[{"start":{"line":17,"column":21},"end":{"line":17,"column":41}},{"start":{"line":17,"column":45},"end":{"line":17,"column":64}}],"line":17},"5":{"loc":{"start":{"line":19,"column":16},"end":{"line":21,"column":17}},"type":"if","locations":[{"start":{"line":19,"column":16},"end":{"line":21,"column":17}},{"start":{},"end":{}}],"line":19},"6":{"loc":{"start":{"line":23,"column":17},"end":{"line":33,"column":13}},"type":"if","locations":[{"start":{"line":23,"column":17},"end":{"line":33,"column":13}},{"start":{"line":29,"column":17},"end":{"line":33,"column":13}}],"line":23},"7":{"loc":{"start":{"line":23,"column":21},"end":{"line":23,"column":63}},"type":"binary-expr","locations":[{"start":{"line":23,"column":21},"end":{"line":23,"column":40}},{"start":{"line":23,"column":44},"end":{"line":23,"column":63}}],"line":23},"8":{"loc":{"start":{"line":25,"column":16},"end":{"line":27,"column":17}},"type":"if","locations":[{"start":{"line":25,"column":16},"end":{"line":27,"column":17}},{"start":{},"end":{}}],"line":25}},"s":{"0":2,"1":2,"2":7,"3":7,"4":7,"5":7,"6":50,"7":50,"8":50,"9":3,"10":0,"11":47,"12":28,"13":4,"14":19,"15":15,"16":7,"17":4,"18":4,"19":46,"20":46,"21":7},"f":{"0":2,"1":7},"b":{"0":[3,47],"1":[50,22],"2":[0,3],"3":[28,19],"4":[47,47],"5":[4,24],"6":[15,4],"7":[19,18],"8":[7,8]},"_coverageSchema":"1a1c01bbd47fc00a2c39e90264f33305004495a9","hash":"96f20230523b19ec65ffb18e588df4d908099ec7"}
,"/Users/omar.sarfraz/Documents/Ceasar Cipher/build/index.js": {"path":"/Users/omar.sarfraz/Documents/Ceasar Cipher/build/index.js","statementMap":{"0":{"start":{"line":2,"column":24},"end":{"line":2,"column":44}},"1":{"start":{"line":3,"column":24},"end":{"line":3,"column":44}},"2":{"start":{"line":4,"column":0},"end":{"line":8,"column":2}},"3":{"start":{"line":5,"column":20},"end":{"line":5,"column":40}},"4":{"start":{"line":6,"column":20},"end":{"line":6,"column":40}},"5":{"start":{"line":7,"column":4},"end":{"line":7,"column":32}}},"fnMap":{"0":{"name":"cipher","decl":{"start":{"line":4,"column":26},"end":{"line":4,"column":32}},"loc":{"start":{"line":4,"column":38},"end":{"line":8,"column":1}},"line":4}},"branchMap":{},"s":{"0":2,"1":2,"2":2,"3":2,"4":2,"5":2},"f":{"0":2},"b":{},"_coverageSchema":"1a1c01bbd47fc00a2c39e90264f33305004495a9","hash":"3b3c728867ec3fbd38ccc64a01ca88f6ed62b8b3"}
}
