TN:
SF:build/decrypt.js
FN:2,createDecrypter
FN:3,(anonymous_1)
FNF:2
FNH:2
FNDA:2,createDecrypter
FNDA:7,(anonymous_1)
DA:2,2
DA:3,2
DA:6,7
DA:7,7
DA:8,7
DA:9,50
DA:10,50
DA:11,50
DA:13,3
DA:14,0
DA:17,47
DA:19,28
DA:20,4
DA:23,19
DA:25,15
DA:26,7
DA:31,4
DA:32,4
DA:34,46
DA:35,46
DA:37,7
LF:21
LH:20
BRDA:11,0,0,3
BRDA:11,0,1,47
BRDA:11,1,0,50
BRDA:11,1,1,22
BRDA:13,2,0,0
BRDA:13,2,1,3
BRDA:17,3,0,28
BRDA:17,3,1,19
BRDA:17,4,0,47
BRDA:17,4,1,47
BRDA:19,5,0,4
BRDA:19,5,1,24
BRDA:23,6,0,15
BRDA:23,6,1,4
BRDA:23,7,0,19
BRDA:23,7,1,18
BRDA:25,8,0,7
BRDA:25,8,1,8
BRF:18
BRH:17
end_of_record
TN:
SF:build/encrypt.js
FN:2,createEncrypter
FN:3,(anonymous_1)
FNF:2
FNH:2
FNDA:2,createEncrypter
FNDA:7,(anonymous_1)
DA:2,2
DA:3,2
DA:6,7
DA:7,7
DA:8,7
DA:9,50
DA:10,50
DA:11,50
DA:13,3
DA:14,0
DA:17,47
DA:19,28
DA:20,4
DA:23,19
DA:25,15
DA:26,7
DA:31,4
DA:32,4
DA:34,46
DA:35,46
DA:37,7
LF:21
LH:20
BRDA:11,0,0,3
BRDA:11,0,1,47
BRDA:11,1,0,50
BRDA:11,1,1,22
BRDA:13,2,0,0
BRDA:13,2,1,3
BRDA:17,3,0,28
BRDA:17,3,1,19
BRDA:17,4,0,47
BRDA:17,4,1,47
BRDA:19,5,0,4
BRDA:19,5,1,24
BRDA:23,6,0,15
BRDA:23,6,1,4
BRDA:23,7,0,19
BRDA:23,7,1,18
BRDA:25,8,0,7
BRDA:25,8,1,8
BRF:18
BRH:17
end_of_record
TN:
SF:build/index.js
FN:4,cipher
FNF:1
FNH:1
FNDA:2,cipher
DA:2,2
DA:3,2
DA:4,2
DA:5,2
DA:6,2
DA:7,2
LF:6
LH:6
BRF:0
BRH:0
end_of_record
